Fri, 04 Oct 2024 20:16:41 GMT express deprecated res.send(status, body): Use res.status(status).send(body) instead at app.js:16:9
RangeError [ERR_HTTP_INVALID_STATUS_CODE]: Invalid status code: GYM  ON ke Runing
    at new NodeError (internal/errors.js:322:7)
    at ServerResponse.writeHead (_http_server.js:259:11)
    at ServerResponse._implicitHeader (_http_server.js:250:8)
    at write_ (_http_outgoing.js:711:9)
    at ServerResponse.end (_http_outgoing.js:825:5)
    at ServerResponse.send (/home/gymzenco/gymzen360.com/node_modules/express/lib/response.js:232:10)
    at ServerResponse.json (/home/gymzenco/gymzen360.com/node_modules/express/lib/response.js:278:15)
    at ServerResponse.send (/home/gymzenco/gymzen360.com/node_modules/express/lib/response.js:162:21)
    at /home/gymzenco/gymzen360.com/app.js:16:9
    at Layer.handle [as handle_request] (/home/gymzenco/gymzen360.com/node_modules/express/lib/router/layer.js:95:5)
RangeError [ERR_HTTP_INVALID_STATUS_CODE]: Invalid status code: GYM  ON ke Runing
    at new NodeError (internal/errors.js:322:7)
    at ServerResponse.writeHead (_http_server.js:259:11)
    at ServerResponse._implicitHeader (_http_server.js:250:8)
    at write_ (_http_outgoing.js:711:9)
    at ServerResponse.end (_http_outgoing.js:825:5)
    at ServerResponse.send (/home/gymzenco/gymzen360.com/node_modules/express/lib/response.js:232:10)
    at ServerResponse.json (/home/gymzenco/gymzen360.com/node_modules/express/lib/response.js:278:15)
    at ServerResponse.send (/home/gymzenco/gymzen360.com/node_modules/express/lib/response.js:162:21)
    at /home/gymzenco/gymzen360.com/app.js:16:9
    at Layer.handle [as handle_request] (/home/gymzenco/gymzen360.com/node_modules/express/lib/router/layer.js:95:5)
RangeError [ERR_HTTP_INVALID_STATUS_CODE]: Invalid status code: GYM  ON ke Runing
    at new NodeError (internal/errors.js:322:7)
    at ServerResponse.writeHead (_http_server.js:259:11)
    at ServerResponse._implicitHeader (_http_server.js:250:8)
    at write_ (_http_outgoing.js:711:9)
    at ServerResponse.end (_http_outgoing.js:825:5)
    at ServerResponse.send (/home/gymzenco/gymzen360.com/node_modules/express/lib/response.js:232:10)
    at ServerResponse.json (/home/gymzenco/gymzen360.com/node_modules/express/lib/response.js:278:15)
    at ServerResponse.send (/home/gymzenco/gymzen360.com/node_modules/express/lib/response.js:162:21)
    at /home/gymzenco/gymzen360.com/app.js:16:9
    at Layer.handle [as handle_request] (/home/gymzenco/gymzen360.com/node_modules/express/lib/router/layer.js:95:5)
RangeError [ERR_HTTP_INVALID_STATUS_CODE]: Invalid status code: GYM  ON ke Runing
    at new NodeError (internal/errors.js:322:7)
    at ServerResponse.writeHead (_http_server.js:259:11)
    at ServerResponse._implicitHeader (_http_server.js:250:8)
    at ServerResponse.end (_http_outgoing.js:837:10)
    at ServerResponse.send (/home/gymzenco/gymzen360.com/node_modules/express/lib/response.js:229:10)
    at ServerResponse.json (/home/gymzenco/gymzen360.com/node_modules/express/lib/response.js:278:15)
    at ServerResponse.send (/home/gymzenco/gymzen360.com/node_modules/express/lib/response.js:162:21)
    at /home/gymzenco/gymzen360.com/app.js:16:9
    at Layer.handle [as handle_request] (/home/gymzenco/gymzen360.com/node_modules/express/lib/router/layer.js:95:5)
    at next (/home/gymzenco/gymzen360.com/node_modules/express/lib/router/route.js:149:13)
RangeError [ERR_HTTP_INVALID_STATUS_CODE]: Invalid status code: GYM  ON ke Runing
    at new NodeError (internal/errors.js:322:7)
    at ServerResponse.writeHead (_http_server.js:259:11)
    at ServerResponse._implicitHeader (_http_server.js:250:8)
    at write_ (_http_outgoing.js:711:9)
    at ServerResponse.end (_http_outgoing.js:825:5)
    at ServerResponse.send (/home/gymzenco/gymzen360.com/node_modules/express/lib/response.js:232:10)
    at ServerResponse.json (/home/gymzenco/gymzen360.com/node_modules/express/lib/response.js:278:15)
    at ServerResponse.send (/home/gymzenco/gymzen360.com/node_modules/express/lib/response.js:162:21)
    at /home/gymzenco/gymzen360.com/app.js:16:9
    at Layer.handle [as handle_request] (/home/gymzenco/gymzen360.com/node_modules/express/lib/router/layer.js:95:5)
RangeError [ERR_HTTP_INVALID_STATUS_CODE]: Invalid status code: GYM  ON ke Runing
    at new NodeError (internal/errors.js:322:7)
    at ServerResponse.writeHead (_http_server.js:259:11)
    at ServerResponse._implicitHeader (_http_server.js:250:8)
    at write_ (_http_outgoing.js:711:9)
    at ServerResponse.end (_http_outgoing.js:825:5)
    at ServerResponse.send (/home/gymzenco/gymzen360.com/node_modules/express/lib/response.js:232:10)
    at ServerResponse.json (/home/gymzenco/gymzen360.com/node_modules/express/lib/response.js:278:15)
    at ServerResponse.send (/home/gymzenco/gymzen360.com/node_modules/express/lib/response.js:162:21)
    at /home/gymzenco/gymzen360.com/app.js:16:9
    at Layer.handle [as handle_request] (/home/gymzenco/gymzen360.com/node_modules/express/lib/router/layer.js:95:5)
RangeError [ERR_HTTP_INVALID_STATUS_CODE]: Invalid status code: GYM  ON ke Runing
    at new NodeError (internal/errors.js:322:7)
    at ServerResponse.writeHead (_http_server.js:259:11)
    at ServerResponse._implicitHeader (_http_server.js:250:8)
    at write_ (_http_outgoing.js:711:9)
    at ServerResponse.end (_http_outgoing.js:825:5)
    at ServerResponse.send (/home/gymzenco/gymzen360.com/node_modules/express/lib/response.js:232:10)
    at ServerResponse.json (/home/gymzenco/gymzen360.com/node_modules/express/lib/response.js:278:15)
    at ServerResponse.send (/home/gymzenco/gymzen360.com/node_modules/express/lib/response.js:162:21)
    at /home/gymzenco/gymzen360.com/app.js:16:9
    at Layer.handle [as handle_request] (/home/gymzenco/gymzen360.com/node_modules/express/lib/router/layer.js:95:5)
RangeError [ERR_HTTP_INVALID_STATUS_CODE]: Invalid status code: GYM  ON ke Runing
    at new NodeError (internal/errors.js:322:7)
    at ServerResponse.writeHead (_http_server.js:259:11)
    at ServerResponse._implicitHeader (_http_server.js:250:8)
    at write_ (_http_outgoing.js:711:9)
    at ServerResponse.end (_http_outgoing.js:825:5)
    at ServerResponse.send (/home/gymzenco/gymzen360.com/node_modules/express/lib/response.js:232:10)
    at ServerResponse.json (/home/gymzenco/gymzen360.com/node_modules/express/lib/response.js:278:15)
    at ServerResponse.send (/home/gymzenco/gymzen360.com/node_modules/express/lib/response.js:162:21)
    at /home/gymzenco/gymzen360.com/app.js:16:9
    at Layer.handle [as handle_request] (/home/gymzenco/gymzen360.com/node_modules/express/lib/router/layer.js:95:5)
RangeError [ERR_HTTP_INVALID_STATUS_CODE]: Invalid status code: GYM  ON ke Runing
    at new NodeError (internal/errors.js:322:7)
    at ServerResponse.writeHead (_http_server.js:259:11)
    at ServerResponse._implicitHeader (_http_server.js:250:8)
    at write_ (_http_outgoing.js:711:9)
    at ServerResponse.end (_http_outgoing.js:825:5)
    at ServerResponse.send (/home/gymzenco/gymzen360.com/node_modules/express/lib/response.js:232:10)
    at ServerResponse.json (/home/gymzenco/gymzen360.com/node_modules/express/lib/response.js:278:15)
    at ServerResponse.send (/home/gymzenco/gymzen360.com/node_modules/express/lib/response.js:162:21)
    at /home/gymzenco/gymzen360.com/app.js:16:9
    at Layer.handle [as handle_request] (/home/gymzenco/gymzen360.com/node_modules/express/lib/router/layer.js:95:5)
RangeError [ERR_HTTP_INVALID_STATUS_CODE]: Invalid status code: GYM  ON ke Runing
    at new NodeError (internal/errors.js:322:7)
    at ServerResponse.writeHead (_http_server.js:259:11)
    at ServerResponse._implicitHeader (_http_server.js:250:8)
    at write_ (_http_outgoing.js:711:9)
    at ServerResponse.end (_http_outgoing.js:825:5)
    at ServerResponse.send (/home/gymzenco/gymzen360.com/node_modules/express/lib/response.js:232:10)
    at ServerResponse.json (/home/gymzenco/gymzen360.com/node_modules/express/lib/response.js:278:15)
    at ServerResponse.send (/home/gymzenco/gymzen360.com/node_modules/express/lib/response.js:162:21)
    at /home/gymzenco/gymzen360.com/app.js:16:9
    at Layer.handle [as handle_request] (/home/gymzenco/gymzen360.com/node_modules/express/lib/router/layer.js:95:5)
RangeError [ERR_HTTP_INVALID_STATUS_CODE]: Invalid status code: GYM  ON ke Runing
    at new NodeError (internal/errors.js:322:7)
    at ServerResponse.writeHead (_http_server.js:259:11)
    at ServerResponse._implicitHeader (_http_server.js:250:8)
    at write_ (_http_outgoing.js:711:9)
    at ServerResponse.end (_http_outgoing.js:825:5)
    at ServerResponse.send (/home/gymzenco/gymzen360.com/node_modules/express/lib/response.js:232:10)
    at ServerResponse.json (/home/gymzenco/gymzen360.com/node_modules/express/lib/response.js:278:15)
    at ServerResponse.send (/home/gymzenco/gymzen360.com/node_modules/express/lib/response.js:162:21)
    at /home/gymzenco/gymzen360.com/app.js:16:9
    at Layer.handle [as handle_request] (/home/gymzenco/gymzen360.com/node_modules/express/lib/router/layer.js:95:5)
RangeError [ERR_HTTP_INVALID_STATUS_CODE]: Invalid status code: GYM  ON ke Runing
    at new NodeError (internal/errors.js:322:7)
    at ServerResponse.writeHead (_http_server.js:259:11)
    at ServerResponse._implicitHeader (_http_server.js:250:8)
    at write_ (_http_outgoing.js:711:9)
    at ServerResponse.end (_http_outgoing.js:825:5)
    at ServerResponse.send (/home/gymzenco/gymzen360.com/node_modules/express/lib/response.js:232:10)
    at ServerResponse.json (/home/gymzenco/gymzen360.com/node_modules/express/lib/response.js:278:15)
    at ServerResponse.send (/home/gymzenco/gymzen360.com/node_modules/express/lib/response.js:162:21)
    at /home/gymzenco/gymzen360.com/app.js:16:9
    at Layer.handle [as handle_request] (/home/gymzenco/gymzen360.com/node_modules/express/lib/router/layer.js:95:5)
(sequelize) Warning: Model attributes (email) passed into finder method options of model User, but the options.where object is empty. Did you forget to use options.where?
(node:2542617) UnhandledPromiseRejectionWarning: SequelizeAccessDeniedError: Access denied for user 'root'@'localhost' (using password: NO)
    at ConnectionManager.connect (/home/gymzenco/gymzen360.com/node_modules/sequelize/lib/dialects/mysql/connection-manager.js:94:17)
    at processTicksAndRejections (internal/process/task_queues.js:95:5)
    at async ConnectionManager._connect (/home/gymzenco/gymzen360.com/node_modules/sequelize/lib/dialects/abstract/connection-manager.js:222:24)
    at async /home/gymzenco/gymzen360.com/node_modules/sequelize/lib/dialects/abstract/connection-manager.js:174:32
    at async ConnectionManager.getConnection (/home/gymzenco/gymzen360.com/node_modules/sequelize/lib/dialects/abstract/connection-manager.js:197:7)
    at async /home/gymzenco/gymzen360.com/node_modules/sequelize/lib/sequelize.js:305:26
    at async MySQLQueryInterface.select (/home/gymzenco/gymzen360.com/node_modules/sequelize/lib/dialects/abstract/query-interface.js:407:12)
    at async Function.findAll (/home/gymzenco/gymzen360.com/node_modules/sequelize/lib/model.js:1140:21)
    at async Function.findOne (/home/gymzenco/gymzen360.com/node_modules/sequelize/lib/model.js:1240:12)
    at async signIn (/home/gymzenco/gymzen360.com/controllers/auth.js:37:23)
(Use `node --trace-warnings ...` to show where the warning was created)
(node:2542617) UnhandledPromiseRejectionWarning: Unhandled promise rejection. This error originated either by throwing inside of an async function without a catch block, or by rejecting a promise which was not handled with .catch(). To terminate the node process on unhandled promise rejection, use the CLI flag `--unhandled-rejections=strict` (see https://nodejs.org/api/cli.html#cli_unhandled_rejections_mode). (rejection id: 1)
(node:2542617) [DEP0018] DeprecationWarning: Unhandled promise rejections are deprecated. In the future, promise rejections that are not handled will terminate the Node.js process with a non-zero exit code.
RangeError [ERR_HTTP_INVALID_STATUS_CODE]: Invalid status code: GYM  ON ke Runing
    at new NodeError (internal/errors.js:322:7)
    at ServerResponse.writeHead (_http_server.js:259:11)
    at ServerResponse._implicitHeader (_http_server.js:250:8)
    at write_ (_http_outgoing.js:711:9)
    at ServerResponse.end (_http_outgoing.js:825:5)
    at ServerResponse.send (/home/gymzenco/gymzen360.com/node_modules/express/lib/response.js:232:10)
    at ServerResponse.json (/home/gymzenco/gymzen360.com/node_modules/express/lib/response.js:278:15)
    at ServerResponse.send (/home/gymzenco/gymzen360.com/node_modules/express/lib/response.js:162:21)
    at /home/gymzenco/gymzen360.com/app.js:16:9
    at Layer.handle [as handle_request] (/home/gymzenco/gymzen360.com/node_modules/express/lib/router/layer.js:95:5)
RangeError [ERR_HTTP_INVALID_STATUS_CODE]: Invalid status code: GYM  ON ke Runing
    at new NodeError (internal/errors.js:322:7)
    at ServerResponse.writeHead (_http_server.js:259:11)
    at ServerResponse._implicitHeader (_http_server.js:250:8)
    at write_ (_http_outgoing.js:711:9)
    at ServerResponse.end (_http_outgoing.js:825:5)
    at ServerResponse.send (/home/gymzenco/gymzen360.com/node_modules/express/lib/response.js:232:10)
    at ServerResponse.json (/home/gymzenco/gymzen360.com/node_modules/express/lib/response.js:278:15)
    at ServerResponse.send (/home/gymzenco/gymzen360.com/node_modules/express/lib/response.js:162:21)
    at /home/gymzenco/gymzen360.com/app.js:16:9
    at Layer.handle [as handle_request] (/home/gymzenco/gymzen360.com/node_modules/express/lib/router/layer.js:95:5)
RangeError [ERR_HTTP_INVALID_STATUS_CODE]: Invalid status code: GYM  ON ke Runing
    at new NodeError (internal/errors.js:322:7)
    at ServerResponse.writeHead (_http_server.js:259:11)
    at ServerResponse._implicitHeader (_http_server.js:250:8)
    at write_ (_http_outgoing.js:711:9)
    at ServerResponse.end (_http_outgoing.js:825:5)
    at ServerResponse.send (/home/gymzenco/gymzen360.com/node_modules/express/lib/response.js:232:10)
    at ServerResponse.json (/home/gymzenco/gymzen360.com/node_modules/express/lib/response.js:278:15)
    at ServerResponse.send (/home/gymzenco/gymzen360.com/node_modules/express/lib/response.js:162:21)
    at /home/gymzenco/gymzen360.com/app.js:16:9
    at Layer.handle [as handle_request] (/home/gymzenco/gymzen360.com/node_modules/express/lib/router/layer.js:95:5)
RangeError [ERR_HTTP_INVALID_STATUS_CODE]: Invalid status code: GYM  ON ke Runing
    at new NodeError (internal/errors.js:322:7)
    at ServerResponse.writeHead (_http_server.js:259:11)
    at ServerResponse._implicitHeader (_http_server.js:250:8)
    at write_ (_http_outgoing.js:711:9)
    at ServerResponse.end (_http_outgoing.js:825:5)
    at ServerResponse.send (/home/gymzenco/gymzen360.com/node_modules/express/lib/response.js:232:10)
    at ServerResponse.json (/home/gymzenco/gymzen360.com/node_modules/express/lib/response.js:278:15)
    at ServerResponse.send (/home/gymzenco/gymzen360.com/node_modules/express/lib/response.js:162:21)
    at /home/gymzenco/gymzen360.com/app.js:16:9
    at Layer.handle [as handle_request] (/home/gymzenco/gymzen360.com/node_modules/express/lib/router/layer.js:95:5)
RangeError [ERR_HTTP_INVALID_STATUS_CODE]: Invalid status code: GYM  ON ke Runing
    at new NodeError (internal/errors.js:322:7)
    at ServerResponse.writeHead (_http_server.js:259:11)
    at ServerResponse._implicitHeader (_http_server.js:250:8)
    at write_ (_http_outgoing.js:711:9)
    at ServerResponse.end (_http_outgoing.js:825:5)
    at ServerResponse.send (/home/gymzenco/gymzen360.com/node_modules/express/lib/response.js:232:10)
    at ServerResponse.json (/home/gymzenco/gymzen360.com/node_modules/express/lib/response.js:278:15)
    at ServerResponse.send (/home/gymzenco/gymzen360.com/node_modules/express/lib/response.js:162:21)
    at /home/gymzenco/gymzen360.com/app.js:16:9
    at Layer.handle [as handle_request] (/home/gymzenco/gymzen360.com/node_modules/express/lib/router/layer.js:95:5)
(sequelize) Warning: Model attributes (email) passed into finder method options of model User, but the options.where object is empty. Did you forget to use options.where?
(node:2542617) UnhandledPromiseRejectionWarning: SequelizeAccessDeniedError: Access denied for user 'root'@'localhost' (using password: NO)
    at ConnectionManager.connect (/home/gymzenco/gymzen360.com/node_modules/sequelize/lib/dialects/mysql/connection-manager.js:94:17)
    at processTicksAndRejections (internal/process/task_queues.js:95:5)
    at async ConnectionManager._connect (/home/gymzenco/gymzen360.com/node_modules/sequelize/lib/dialects/abstract/connection-manager.js:222:24)
    at async /home/gymzenco/gymzen360.com/node_modules/sequelize/lib/dialects/abstract/connection-manager.js:174:32
    at async ConnectionManager.getConnection (/home/gymzenco/gymzen360.com/node_modules/sequelize/lib/dialects/abstract/connection-manager.js:197:7)
    at async /home/gymzenco/gymzen360.com/node_modules/sequelize/lib/sequelize.js:305:26
    at async MySQLQueryInterface.select (/home/gymzenco/gymzen360.com/node_modules/sequelize/lib/dialects/abstract/query-interface.js:407:12)
    at async Function.findAll (/home/gymzenco/gymzen360.com/node_modules/sequelize/lib/model.js:1140:21)
    at async Function.findOne (/home/gymzenco/gymzen360.com/node_modules/sequelize/lib/model.js:1240:12)
    at async signIn (/home/gymzenco/gymzen360.com/controllers/auth.js:37:23)
(node:2542617) UnhandledPromiseRejectionWarning: Unhandled promise rejection. This error originated either by throwing inside of an async function without a catch block, or by rejecting a promise which was not handled with .catch(). To terminate the node process on unhandled promise rejection, use the CLI flag `--unhandled-rejections=strict` (see https://nodejs.org/api/cli.html#cli_unhandled_rejections_mode). (rejection id: 2)
RangeError [ERR_HTTP_INVALID_STATUS_CODE]: Invalid status code: GYM  ON ke Runing
    at new NodeError (internal/errors.js:322:7)
    at ServerResponse.writeHead (_http_server.js:259:11)
    at ServerResponse._implicitHeader (_http_server.js:250:8)
    at write_ (_http_outgoing.js:711:9)
    at ServerResponse.end (_http_outgoing.js:825:5)
    at ServerResponse.send (/home/gymzenco/gymzen360.com/node_modules/express/lib/response.js:232:10)
    at ServerResponse.json (/home/gymzenco/gymzen360.com/node_modules/express/lib/response.js:278:15)
    at ServerResponse.send (/home/gymzenco/gymzen360.com/node_modules/express/lib/response.js:162:21)
    at /home/gymzenco/gymzen360.com/app.js:16:9
    at Layer.handle [as handle_request] (/home/gymzenco/gymzen360.com/node_modules/express/lib/router/layer.js:95:5)
(sequelize) Warning: Model attributes (email) passed into finder method options of model User, but the options.where object is empty. Did you forget to use options.where?
(node:2632703) UnhandledPromiseRejectionWarning: SequelizeHostNotFoundError: getaddrinfo ENOTFOUND https://gymzen360.com/
    at ConnectionManager.connect (/home/gymzenco/gymzen360.com/node_modules/sequelize/lib/dialects/mysql/connection-manager.js:96:17)
    at processTicksAndRejections (internal/process/task_queues.js:95:5)
    at async ConnectionManager._connect (/home/gymzenco/gymzen360.com/node_modules/sequelize/lib/dialects/abstract/connection-manager.js:222:24)
    at async /home/gymzenco/gymzen360.com/node_modules/sequelize/lib/dialects/abstract/connection-manager.js:174:32
    at async ConnectionManager.getConnection (/home/gymzenco/gymzen360.com/node_modules/sequelize/lib/dialects/abstract/connection-manager.js:197:7)
    at async /home/gymzenco/gymzen360.com/node_modules/sequelize/lib/sequelize.js:305:26
    at async MySQLQueryInterface.select (/home/gymzenco/gymzen360.com/node_modules/sequelize/lib/dialects/abstract/query-interface.js:407:12)
    at async Function.findAll (/home/gymzenco/gymzen360.com/node_modules/sequelize/lib/model.js:1140:21)
    at async Function.findOne (/home/gymzenco/gymzen360.com/node_modules/sequelize/lib/model.js:1240:12)
    at async signIn (/home/gymzenco/gymzen360.com/controllers/auth.js:37:23)
(Use `node --trace-warnings ...` to show where the warning was created)
(node:2632703) UnhandledPromiseRejectionWarning: Unhandled promise rejection. This error originated either by throwing inside of an async function without a catch block, or by rejecting a promise which was not handled with .catch(). To terminate the node process on unhandled promise rejection, use the CLI flag `--unhandled-rejections=strict` (see https://nodejs.org/api/cli.html#cli_unhandled_rejections_mode). (rejection id: 1)
(node:2632703) [DEP0018] DeprecationWarning: Unhandled promise rejections are deprecated. In the future, promise rejections that are not handled will terminate the Node.js process with a non-zero exit code.
Fri, 04 Oct 2024 20:27:13 GMT express deprecated res.send(status, body): Use res.status(status).send(body) instead at app.js:17:9
RangeError [ERR_HTTP_INVALID_STATUS_CODE]: Invalid status code: GYM  ON ke Runing
    at new NodeError (internal/errors.js:322:7)
    at ServerResponse.writeHead (_http_server.js:259:11)
    at ServerResponse._implicitHeader (_http_server.js:250:8)
    at write_ (_http_outgoing.js:711:9)
    at ServerResponse.end (_http_outgoing.js:825:5)
    at ServerResponse.send (/home/gymzenco/gymzen360.com/node_modules/express/lib/response.js:232:10)
    at ServerResponse.json (/home/gymzenco/gymzen360.com/node_modules/express/lib/response.js:278:15)
    at ServerResponse.send (/home/gymzenco/gymzen360.com/node_modules/express/lib/response.js:162:21)
    at /home/gymzenco/gymzen360.com/app.js:17:9
    at Layer.handle [as handle_request] (/home/gymzenco/gymzen360.com/node_modules/express/lib/router/layer.js:95:5)
RangeError [ERR_HTTP_INVALID_STATUS_CODE]: Invalid status code: GYM  ON ke Runing
    at new NodeError (internal/errors.js:322:7)
    at ServerResponse.writeHead (_http_server.js:259:11)
    at ServerResponse._implicitHeader (_http_server.js:250:8)
    at write_ (_http_outgoing.js:711:9)
    at ServerResponse.end (_http_outgoing.js:825:5)
    at ServerResponse.send (/home/gymzenco/gymzen360.com/node_modules/express/lib/response.js:232:10)
    at ServerResponse.json (/home/gymzenco/gymzen360.com/node_modules/express/lib/response.js:278:15)
    at ServerResponse.send (/home/gymzenco/gymzen360.com/node_modules/express/lib/response.js:162:21)
    at /home/gymzenco/gymzen360.com/app.js:17:9
    at Layer.handle [as handle_request] (/home/gymzenco/gymzen360.com/node_modules/express/lib/router/layer.js:95:5)
RangeError [ERR_HTTP_INVALID_STATUS_CODE]: Invalid status code: GYM  ON ke Runing
    at new NodeError (internal/errors.js:322:7)
    at ServerResponse.writeHead (_http_server.js:259:11)
    at ServerResponse._implicitHeader (_http_server.js:250:8)
    at write_ (_http_outgoing.js:711:9)
    at ServerResponse.end (_http_outgoing.js:825:5)
    at ServerResponse.send (/home/gymzenco/gymzen360.com/node_modules/express/lib/response.js:232:10)
    at ServerResponse.json (/home/gymzenco/gymzen360.com/node_modules/express/lib/response.js:278:15)
    at ServerResponse.send (/home/gymzenco/gymzen360.com/node_modules/express/lib/response.js:162:21)
    at /home/gymzenco/gymzen360.com/app.js:17:9
    at Layer.handle [as handle_request] (/home/gymzenco/gymzen360.com/node_modules/express/lib/router/layer.js:95:5)
RangeError [ERR_HTTP_INVALID_STATUS_CODE]: Invalid status code: GYM  ON ke Runing
    at new NodeError (internal/errors.js:322:7)
    at ServerResponse.writeHead (_http_server.js:259:11)
    at ServerResponse._implicitHeader (_http_server.js:250:8)
    at write_ (_http_outgoing.js:711:9)
    at ServerResponse.end (_http_outgoing.js:825:5)
    at ServerResponse.send (/home/gymzenco/gymzen360.com/node_modules/express/lib/response.js:232:10)
    at ServerResponse.json (/home/gymzenco/gymzen360.com/node_modules/express/lib/response.js:278:15)
    at ServerResponse.send (/home/gymzenco/gymzen360.com/node_modules/express/lib/response.js:162:21)
    at /home/gymzenco/gymzen360.com/app.js:17:9
    at Layer.handle [as handle_request] (/home/gymzenco/gymzen360.com/node_modules/express/lib/router/layer.js:95:5)
RangeError [ERR_HTTP_INVALID_STATUS_CODE]: Invalid status code: GYM  ON ke Runing
    at new NodeError (internal/errors.js:322:7)
    at ServerResponse.writeHead (_http_server.js:259:11)
    at ServerResponse._implicitHeader (_http_server.js:250:8)
    at write_ (_http_outgoing.js:711:9)
    at ServerResponse.end (_http_outgoing.js:825:5)
    at ServerResponse.send (/home/gymzenco/gymzen360.com/node_modules/express/lib/response.js:232:10)
    at ServerResponse.json (/home/gymzenco/gymzen360.com/node_modules/express/lib/response.js:278:15)
    at ServerResponse.send (/home/gymzenco/gymzen360.com/node_modules/express/lib/response.js:162:21)
    at /home/gymzenco/gymzen360.com/app.js:17:9
    at Layer.handle [as handle_request] (/home/gymzenco/gymzen360.com/node_modules/express/lib/router/layer.js:95:5)
RangeError [ERR_HTTP_INVALID_STATUS_CODE]: Invalid status code: GYM  ON ke Runing
    at new NodeError (internal/errors.js:322:7)
    at ServerResponse.writeHead (_http_server.js:259:11)
    at ServerResponse._implicitHeader (_http_server.js:250:8)
    at write_ (_http_outgoing.js:711:9)
    at ServerResponse.end (_http_outgoing.js:825:5)
    at ServerResponse.send (/home/gymzenco/gymzen360.com/node_modules/express/lib/response.js:232:10)
    at ServerResponse.json (/home/gymzenco/gymzen360.com/node_modules/express/lib/response.js:278:15)
    at ServerResponse.send (/home/gymzenco/gymzen360.com/node_modules/express/lib/response.js:162:21)
    at /home/gymzenco/gymzen360.com/app.js:17:9
    at Layer.handle [as handle_request] (/home/gymzenco/gymzen360.com/node_modules/express/lib/router/layer.js:95:5)
RangeError [ERR_HTTP_INVALID_STATUS_CODE]: Invalid status code: GYM  ON ke Runing
    at new NodeError (internal/errors.js:322:7)
    at ServerResponse.writeHead (_http_server.js:259:11)
    at ServerResponse._implicitHeader (_http_server.js:250:8)
    at write_ (_http_outgoing.js:711:9)
    at ServerResponse.end (_http_outgoing.js:825:5)
    at ServerResponse.send (/home/gymzenco/gymzen360.com/node_modules/express/lib/response.js:232:10)
    at ServerResponse.json (/home/gymzenco/gymzen360.com/node_modules/express/lib/response.js:278:15)
    at ServerResponse.send (/home/gymzenco/gymzen360.com/node_modules/express/lib/response.js:162:21)
    at /home/gymzenco/gymzen360.com/app.js:17:9
    at Layer.handle [as handle_request] (/home/gymzenco/gymzen360.com/node_modules/express/lib/router/layer.js:95:5)
RangeError [ERR_HTTP_INVALID_STATUS_CODE]: Invalid status code: GYM  ON ke Runing
    at new NodeError (internal/errors.js:322:7)
    at ServerResponse.writeHead (_http_server.js:259:11)
    at ServerResponse._implicitHeader (_http_server.js:250:8)
    at write_ (_http_outgoing.js:711:9)
    at ServerResponse.end (_http_outgoing.js:825:5)
    at ServerResponse.send (/home/gymzenco/gymzen360.com/node_modules/express/lib/response.js:232:10)
    at ServerResponse.json (/home/gymzenco/gymzen360.com/node_modules/express/lib/response.js:278:15)
    at ServerResponse.send (/home/gymzenco/gymzen360.com/node_modules/express/lib/response.js:162:21)
    at /home/gymzenco/gymzen360.com/app.js:17:9
    at Layer.handle [as handle_request] (/home/gymzenco/gymzen360.com/node_modules/express/lib/router/layer.js:95:5)
RangeError [ERR_HTTP_INVALID_STATUS_CODE]: Invalid status code: GYM  ON ke Runing
    at new NodeError (internal/errors.js:322:7)
    at ServerResponse.writeHead (_http_server.js:259:11)
    at ServerResponse._implicitHeader (_http_server.js:250:8)
    at write_ (_http_outgoing.js:711:9)
    at ServerResponse.end (_http_outgoing.js:825:5)
    at ServerResponse.send (/home/gymzenco/gymzen360.com/node_modules/express/lib/response.js:232:10)
    at ServerResponse.json (/home/gymzenco/gymzen360.com/node_modules/express/lib/response.js:278:15)
    at ServerResponse.send (/home/gymzenco/gymzen360.com/node_modules/express/lib/response.js:162:21)
    at /home/gymzenco/gymzen360.com/app.js:17:9
    at Layer.handle [as handle_request] (/home/gymzenco/gymzen360.com/node_modules/express/lib/router/layer.js:95:5)
(sequelize) Warning: Model attributes (email) passed into finder method options of model User, but the options.where object is empty. Did you forget to use options.where?
(node:2632703) UnhandledPromiseRejectionWarning: SequelizeHostNotFoundError: getaddrinfo ENOTFOUND https://gymzen360.com/
    at ConnectionManager.connect (/home/gymzenco/gymzen360.com/node_modules/sequelize/lib/dialects/mysql/connection-manager.js:96:17)
    at processTicksAndRejections (internal/process/task_queues.js:95:5)
    at async ConnectionManager._connect (/home/gymzenco/gymzen360.com/node_modules/sequelize/lib/dialects/abstract/connection-manager.js:222:24)
    at async /home/gymzenco/gymzen360.com/node_modules/sequelize/lib/dialects/abstract/connection-manager.js:174:32
    at async ConnectionManager.getConnection (/home/gymzenco/gymzen360.com/node_modules/sequelize/lib/dialects/abstract/connection-manager.js:197:7)
    at async /home/gymzenco/gymzen360.com/node_modules/sequelize/lib/sequelize.js:305:26
    at async MySQLQueryInterface.select (/home/gymzenco/gymzen360.com/node_modules/sequelize/lib/dialects/abstract/query-interface.js:407:12)
    at async Function.findAll (/home/gymzenco/gymzen360.com/node_modules/sequelize/lib/model.js:1140:21)
    at async Function.findOne (/home/gymzenco/gymzen360.com/node_modules/sequelize/lib/model.js:1240:12)
    at async signIn (/home/gymzenco/gymzen360.com/controllers/auth.js:37:23)
(node:2632703) UnhandledPromiseRejectionWarning: Unhandled promise rejection. This error originated either by throwing inside of an async function without a catch block, or by rejecting a promise which was not handled with .catch(). To terminate the node process on unhandled promise rejection, use the CLI flag `--unhandled-rejections=strict` (see https://nodejs.org/api/cli.html#cli_unhandled_rejections_mode). (rejection id: 2)
RangeError [ERR_HTTP_INVALID_STATUS_CODE]: Invalid status code: GYM  ON ke Runing
    at new NodeError (internal/errors.js:322:7)
    at ServerResponse.writeHead (_http_server.js:259:11)
    at ServerResponse._implicitHeader (_http_server.js:250:8)
    at write_ (_http_outgoing.js:711:9)
    at ServerResponse.end (_http_outgoing.js:825:5)
    at ServerResponse.send (/home/gymzenco/gymzen360.com/node_modules/express/lib/response.js:232:10)
    at ServerResponse.json (/home/gymzenco/gymzen360.com/node_modules/express/lib/response.js:278:15)
    at ServerResponse.send (/home/gymzenco/gymzen360.com/node_modules/express/lib/response.js:162:21)
    at /home/gymzenco/gymzen360.com/app.js:17:9
    at Layer.handle [as handle_request] (/home/gymzenco/gymzen360.com/node_modules/express/lib/router/layer.js:95:5)
RangeError [ERR_HTTP_INVALID_STATUS_CODE]: Invalid status code: GYM  ON ke Runing
    at new NodeError (internal/errors.js:322:7)
    at ServerResponse.writeHead (_http_server.js:259:11)
    at ServerResponse._implicitHeader (_http_server.js:250:8)
    at write_ (_http_outgoing.js:711:9)
    at ServerResponse.end (_http_outgoing.js:825:5)
    at ServerResponse.send (/home/gymzenco/gymzen360.com/node_modules/express/lib/response.js:232:10)
    at ServerResponse.json (/home/gymzenco/gymzen360.com/node_modules/express/lib/response.js:278:15)
    at ServerResponse.send (/home/gymzenco/gymzen360.com/node_modules/express/lib/response.js:162:21)
    at /home/gymzenco/gymzen360.com/app.js:17:9
    at Layer.handle [as handle_request] (/home/gymzenco/gymzen360.com/node_modules/express/lib/router/layer.js:95:5)
RangeError [ERR_HTTP_INVALID_STATUS_CODE]: Invalid status code: GYM  ON ke Runing
    at new NodeError (internal/errors.js:322:7)
    at ServerResponse.writeHead (_http_server.js:259:11)
    at ServerResponse._implicitHeader (_http_server.js:250:8)
    at write_ (_http_outgoing.js:711:9)
    at ServerResponse.end (_http_outgoing.js:825:5)
    at ServerResponse.send (/home/gymzenco/gymzen360.com/node_modules/express/lib/response.js:232:10)
    at ServerResponse.json (/home/gymzenco/gymzen360.com/node_modules/express/lib/response.js:278:15)
    at ServerResponse.send (/home/gymzenco/gymzen360.com/node_modules/express/lib/response.js:162:21)
    at /home/gymzenco/gymzen360.com/app.js:17:9
    at Layer.handle [as handle_request] (/home/gymzenco/gymzen360.com/node_modules/express/lib/router/layer.js:95:5)
RangeError [ERR_HTTP_INVALID_STATUS_CODE]: Invalid status code: GYM  ON ke Runing
    at new NodeError (internal/errors.js:322:7)
    at ServerResponse.writeHead (_http_server.js:259:11)
    at ServerResponse._implicitHeader (_http_server.js:250:8)
    at write_ (_http_outgoing.js:711:9)
    at ServerResponse.end (_http_outgoing.js:825:5)
    at ServerResponse.send (/home/gymzenco/gymzen360.com/node_modules/express/lib/response.js:232:10)
    at ServerResponse.json (/home/gymzenco/gymzen360.com/node_modules/express/lib/response.js:278:15)
    at ServerResponse.send (/home/gymzenco/gymzen360.com/node_modules/express/lib/response.js:162:21)
    at /home/gymzenco/gymzen360.com/app.js:17:9
    at Layer.handle [as handle_request] (/home/gymzenco/gymzen360.com/node_modules/express/lib/router/layer.js:95:5)
RangeError [ERR_HTTP_INVALID_STATUS_CODE]: Invalid status code: GYM  ON ke Runing
    at new NodeError (internal/errors.js:322:7)
    at ServerResponse.writeHead (_http_server.js:259:11)
    at ServerResponse._implicitHeader (_http_server.js:250:8)
    at write_ (_http_outgoing.js:711:9)
    at ServerResponse.end (_http_outgoing.js:825:5)
    at ServerResponse.send (/home/gymzenco/gymzen360.com/node_modules/express/lib/response.js:232:10)
    at ServerResponse.json (/home/gymzenco/gymzen360.com/node_modules/express/lib/response.js:278:15)
    at ServerResponse.send (/home/gymzenco/gymzen360.com/node_modules/express/lib/response.js:162:21)
    at /home/gymzenco/gymzen360.com/app.js:17:9
    at Layer.handle [as handle_request] (/home/gymzenco/gymzen360.com/node_modules/express/lib/router/layer.js:95:5)
RangeError [ERR_HTTP_INVALID_STATUS_CODE]: Invalid status code: GYM  ON ke Runing
    at new NodeError (internal/errors.js:322:7)
    at ServerResponse.writeHead (_http_server.js:259:11)
    at ServerResponse._implicitHeader (_http_server.js:250:8)
    at write_ (_http_outgoing.js:711:9)
    at ServerResponse.end (_http_outgoing.js:825:5)
    at ServerResponse.send (/home/gymzenco/gymzen360.com/node_modules/express/lib/response.js:232:10)
    at ServerResponse.json (/home/gymzenco/gymzen360.com/node_modules/express/lib/response.js:278:15)
    at ServerResponse.send (/home/gymzenco/gymzen360.com/node_modules/express/lib/response.js:162:21)
    at /home/gymzenco/gymzen360.com/app.js:17:9
    at Layer.handle [as handle_request] (/home/gymzenco/gymzen360.com/node_modules/express/lib/router/layer.js:95:5)
RangeError [ERR_HTTP_INVALID_STATUS_CODE]: Invalid status code: GYM  ON ke Runing
    at new NodeError (internal/errors.js:322:7)
    at ServerResponse.writeHead (_http_server.js:259:11)
    at ServerResponse._implicitHeader (_http_server.js:250:8)
    at write_ (_http_outgoing.js:711:9)
    at ServerResponse.end (_http_outgoing.js:825:5)
    at ServerResponse.send (/home/gymzenco/gymzen360.com/node_modules/express/lib/response.js:232:10)
    at ServerResponse.json (/home/gymzenco/gymzen360.com/node_modules/express/lib/response.js:278:15)
    at ServerResponse.send (/home/gymzenco/gymzen360.com/node_modules/express/lib/response.js:162:21)
    at /home/gymzenco/gymzen360.com/app.js:17:9
    at Layer.handle [as handle_request] (/home/gymzenco/gymzen360.com/node_modules/express/lib/router/layer.js:95:5)
RangeError [ERR_HTTP_INVALID_STATUS_CODE]: Invalid status code: GYM  ON ke Runing
    at new NodeError (internal/errors.js:322:7)
    at ServerResponse.writeHead (_http_server.js:259:11)
    at ServerResponse._implicitHeader (_http_server.js:250:8)
    at write_ (_http_outgoing.js:711:9)
    at ServerResponse.end (_http_outgoing.js:825:5)
    at ServerResponse.send (/home/gymzenco/gymzen360.com/node_modules/express/lib/response.js:232:10)
    at ServerResponse.json (/home/gymzenco/gymzen360.com/node_modules/express/lib/response.js:278:15)
    at ServerResponse.send (/home/gymzenco/gymzen360.com/node_modules/express/lib/response.js:162:21)
    at /home/gymzenco/gymzen360.com/app.js:17:9
    at Layer.handle [as handle_request] (/home/gymzenco/gymzen360.com/node_modules/express/lib/router/layer.js:95:5)
RangeError [ERR_HTTP_INVALID_STATUS_CODE]: Invalid status code: GYM  ON ke Runing
    at new NodeError (internal/errors.js:322:7)
    at ServerResponse.writeHead (_http_server.js:259:11)
    at ServerResponse._implicitHeader (_http_server.js:250:8)
    at write_ (_http_outgoing.js:711:9)
    at ServerResponse.end (_http_outgoing.js:825:5)
    at ServerResponse.send (/home/gymzenco/gymzen360.com/node_modules/express/lib/response.js:232:10)
    at ServerResponse.json (/home/gymzenco/gymzen360.com/node_modules/express/lib/response.js:278:15)
    at ServerResponse.send (/home/gymzenco/gymzen360.com/node_modules/express/lib/response.js:162:21)
    at /home/gymzenco/gymzen360.com/app.js:17:9
    at Layer.handle [as handle_request] (/home/gymzenco/gymzen360.com/node_modules/express/lib/router/layer.js:95:5)
RangeError [ERR_HTTP_INVALID_STATUS_CODE]: Invalid status code: GYM  ON ke Runing
    at new NodeError (internal/errors.js:322:7)
    at ServerResponse.writeHead (_http_server.js:259:11)
    at ServerResponse._implicitHeader (_http_server.js:250:8)
    at write_ (_http_outgoing.js:711:9)
    at ServerResponse.end (_http_outgoing.js:825:5)
    at ServerResponse.send (/home/gymzenco/gymzen360.com/node_modules/express/lib/response.js:232:10)
    at ServerResponse.json (/home/gymzenco/gymzen360.com/node_modules/express/lib/response.js:278:15)
    at ServerResponse.send (/home/gymzenco/gymzen360.com/node_modules/express/lib/response.js:162:21)
    at /home/gymzenco/gymzen360.com/app.js:17:9
    at Layer.handle [as handle_request] (/home/gymzenco/gymzen360.com/node_modules/express/lib/router/layer.js:95:5)
RangeError [ERR_HTTP_INVALID_STATUS_CODE]: Invalid status code: GYM  ON ke Runing
    at new NodeError (internal/errors.js:322:7)
    at ServerResponse.writeHead (_http_server.js:259:11)
    at ServerResponse._implicitHeader (_http_server.js:250:8)
    at write_ (_http_outgoing.js:711:9)
    at ServerResponse.end (_http_outgoing.js:825:5)
    at ServerResponse.send (/home/gymzenco/gymzen360.com/node_modules/express/lib/response.js:232:10)
    at ServerResponse.json (/home/gymzenco/gymzen360.com/node_modules/express/lib/response.js:278:15)
    at ServerResponse.send (/home/gymzenco/gymzen360.com/node_modules/express/lib/response.js:162:21)
    at /home/gymzenco/gymzen360.com/app.js:17:9
    at Layer.handle [as handle_request] (/home/gymzenco/gymzen360.com/node_modules/express/lib/router/layer.js:95:5)
RangeError [ERR_HTTP_INVALID_STATUS_CODE]: Invalid status code: GYM  ON ke Runing
    at new NodeError (internal/errors.js:322:7)
    at ServerResponse.writeHead (_http_server.js:259:11)
    at ServerResponse._implicitHeader (_http_server.js:250:8)
    at write_ (_http_outgoing.js:711:9)
    at ServerResponse.end (_http_outgoing.js:825:5)
    at ServerResponse.send (/home/gymzenco/gymzen360.com/node_modules/express/lib/response.js:232:10)
    at ServerResponse.json (/home/gymzenco/gymzen360.com/node_modules/express/lib/response.js:278:15)
    at ServerResponse.send (/home/gymzenco/gymzen360.com/node_modules/express/lib/response.js:162:21)
    at /home/gymzenco/gymzen360.com/app.js:17:9
    at Layer.handle [as handle_request] (/home/gymzenco/gymzen360.com/node_modules/express/lib/router/layer.js:95:5)
RangeError [ERR_HTTP_INVALID_STATUS_CODE]: Invalid status code: GYM  ON ke Runing
    at new NodeError (internal/errors.js:322:7)
    at ServerResponse.writeHead (_http_server.js:259:11)
    at ServerResponse._implicitHeader (_http_server.js:250:8)
    at write_ (_http_outgoing.js:711:9)
    at ServerResponse.end (_http_outgoing.js:825:5)
    at ServerResponse.send (/home/gymzenco/gymzen360.com/node_modules/express/lib/response.js:232:10)
    at ServerResponse.json (/home/gymzenco/gymzen360.com/node_modules/express/lib/response.js:278:15)
    at ServerResponse.send (/home/gymzenco/gymzen360.com/node_modules/express/lib/response.js:162:21)
    at /home/gymzenco/gymzen360.com/app.js:17:9
    at Layer.handle [as handle_request] (/home/gymzenco/gymzen360.com/node_modules/express/lib/router/layer.js:95:5)
RangeError [ERR_HTTP_INVALID_STATUS_CODE]: Invalid status code: GYM  ON ke Runing
    at new NodeError (internal/errors.js:322:7)
    at ServerResponse.writeHead (_http_server.js:259:11)
    at ServerResponse._implicitHeader (_http_server.js:250:8)
    at write_ (_http_outgoing.js:711:9)
    at ServerResponse.end (_http_outgoing.js:825:5)
    at ServerResponse.send (/home/gymzenco/gymzen360.com/node_modules/express/lib/response.js:232:10)
    at ServerResponse.json (/home/gymzenco/gymzen360.com/node_modules/express/lib/response.js:278:15)
    at ServerResponse.send (/home/gymzenco/gymzen360.com/node_modules/express/lib/response.js:162:21)
    at /home/gymzenco/gymzen360.com/app.js:17:9
    at Layer.handle [as handle_request] (/home/gymzenco/gymzen360.com/node_modules/express/lib/router/layer.js:95:5)
RangeError [ERR_HTTP_INVALID_STATUS_CODE]: Invalid status code: GYM  ON ke Runing
    at new NodeError (internal/errors.js:322:7)
    at ServerResponse.writeHead (_http_server.js:259:11)
    at ServerResponse._implicitHeader (_http_server.js:250:8)
    at write_ (_http_outgoing.js:711:9)
    at ServerResponse.end (_http_outgoing.js:825:5)
    at ServerResponse.send (/home/gymzenco/gymzen360.com/node_modules/express/lib/response.js:232:10)
    at ServerResponse.json (/home/gymzenco/gymzen360.com/node_modules/express/lib/response.js:278:15)
    at ServerResponse.send (/home/gymzenco/gymzen360.com/node_modules/express/lib/response.js:162:21)
    at /home/gymzenco/gymzen360.com/app.js:17:9
    at Layer.handle [as handle_request] (/home/gymzenco/gymzen360.com/node_modules/express/lib/router/layer.js:95:5)
RangeError [ERR_HTTP_INVALID_STATUS_CODE]: Invalid status code: GYM  ON ke Runing
    at new NodeError (internal/errors.js:322:7)
    at ServerResponse.writeHead (_http_server.js:259:11)
    at ServerResponse._implicitHeader (_http_server.js:250:8)
    at write_ (_http_outgoing.js:711:9)
    at ServerResponse.end (_http_outgoing.js:825:5)
    at ServerResponse.send (/home/gymzenco/gymzen360.com/node_modules/express/lib/response.js:232:10)
    at ServerResponse.json (/home/gymzenco/gymzen360.com/node_modules/express/lib/response.js:278:15)
    at ServerResponse.send (/home/gymzenco/gymzen360.com/node_modules/express/lib/response.js:162:21)
    at /home/gymzenco/gymzen360.com/app.js:17:9
    at Layer.handle [as handle_request] (/home/gymzenco/gymzen360.com/node_modules/express/lib/router/layer.js:95:5)
RangeError [ERR_HTTP_INVALID_STATUS_CODE]: Invalid status code: GYM  ON ke Runing
    at new NodeError (internal/errors.js:322:7)
    at ServerResponse.writeHead (_http_server.js:259:11)
    at ServerResponse._implicitHeader (_http_server.js:250:8)
    at write_ (_http_outgoing.js:711:9)
    at ServerResponse.end (_http_outgoing.js:825:5)
    at ServerResponse.send (/home/gymzenco/gymzen360.com/node_modules/express/lib/response.js:232:10)
    at ServerResponse.json (/home/gymzenco/gymzen360.com/node_modules/express/lib/response.js:278:15)
    at ServerResponse.send (/home/gymzenco/gymzen360.com/node_modules/express/lib/response.js:162:21)
    at /home/gymzenco/gymzen360.com/app.js:17:9
    at Layer.handle [as handle_request] (/home/gymzenco/gymzen360.com/node_modules/express/lib/router/layer.js:95:5)
RangeError [ERR_HTTP_INVALID_STATUS_CODE]: Invalid status code: GYM  ON ke Runing
    at new NodeError (internal/errors.js:322:7)
    at ServerResponse.writeHead (_http_server.js:259:11)
    at ServerResponse._implicitHeader (_http_server.js:250:8)
    at write_ (_http_outgoing.js:711:9)
    at ServerResponse.end (_http_outgoing.js:825:5)
    at ServerResponse.send (/home/gymzenco/gymzen360.com/node_modules/express/lib/response.js:232:10)
    at ServerResponse.json (/home/gymzenco/gymzen360.com/node_modules/express/lib/response.js:278:15)
    at ServerResponse.send (/home/gymzenco/gymzen360.com/node_modules/express/lib/response.js:162:21)
    at /home/gymzenco/gymzen360.com/app.js:17:9
    at Layer.handle [as handle_request] (/home/gymzenco/gymzen360.com/node_modules/express/lib/router/layer.js:95:5)
RangeError [ERR_HTTP_INVALID_STATUS_CODE]: Invalid status code: GYM  ON ke Runing
    at new NodeError (internal/errors.js:322:7)
    at ServerResponse.writeHead (_http_server.js:259:11)
    at ServerResponse._implicitHeader (_http_server.js:250:8)
    at write_ (_http_outgoing.js:711:9)
    at ServerResponse.end (_http_outgoing.js:825:5)
    at ServerResponse.send (/home/gymzenco/gymzen360.com/node_modules/express/lib/response.js:232:10)
    at ServerResponse.json (/home/gymzenco/gymzen360.com/node_modules/express/lib/response.js:278:15)
    at ServerResponse.send (/home/gymzenco/gymzen360.com/node_modules/express/lib/response.js:162:21)
    at /home/gymzenco/gymzen360.com/app.js:17:9
    at Layer.handle [as handle_request] (/home/gymzenco/gymzen360.com/node_modules/express/lib/router/layer.js:95:5)
RangeError [ERR_HTTP_INVALID_STATUS_CODE]: Invalid status code: GYM  ON ke Runing
    at new NodeError (internal/errors.js:322:7)
    at ServerResponse.writeHead (_http_server.js:259:11)
    at ServerResponse._implicitHeader (_http_server.js:250:8)
    at write_ (_http_outgoing.js:711:9)
    at ServerResponse.end (_http_outgoing.js:825:5)
    at ServerResponse.send (/home/gymzenco/gymzen360.com/node_modules/express/lib/response.js:232:10)
    at ServerResponse.json (/home/gymzenco/gymzen360.com/node_modules/express/lib/response.js:278:15)
    at ServerResponse.send (/home/gymzenco/gymzen360.com/node_modules/express/lib/response.js:162:21)
    at /home/gymzenco/gymzen360.com/app.js:17:9
    at Layer.handle [as handle_request] (/home/gymzenco/gymzen360.com/node_modules/express/lib/router/layer.js:95:5)
RangeError [ERR_HTTP_INVALID_STATUS_CODE]: Invalid status code: GYM  ON ke Runing
    at new NodeError (internal/errors.js:322:7)
    at ServerResponse.writeHead (_http_server.js:259:11)
    at ServerResponse._implicitHeader (_http_server.js:250:8)
    at write_ (_http_outgoing.js:711:9)
    at ServerResponse.end (_http_outgoing.js:825:5)
    at ServerResponse.send (/home/gymzenco/gymzen360.com/node_modules/express/lib/response.js:232:10)
    at ServerResponse.json (/home/gymzenco/gymzen360.com/node_modules/express/lib/response.js:278:15)
    at ServerResponse.send (/home/gymzenco/gymzen360.com/node_modules/express/lib/response.js:162:21)
    at /home/gymzenco/gymzen360.com/app.js:17:9
    at Layer.handle [as handle_request] (/home/gymzenco/gymzen360.com/node_modules/express/lib/router/layer.js:95:5)
RangeError [ERR_HTTP_INVALID_STATUS_CODE]: Invalid status code: GYM  ON ke Runing
    at new NodeError (internal/errors.js:322:7)
    at ServerResponse.writeHead (_http_server.js:259:11)
    at ServerResponse._implicitHeader (_http_server.js:250:8)
    at write_ (_http_outgoing.js:711:9)
    at ServerResponse.end (_http_outgoing.js:825:5)
    at ServerResponse.send (/home/gymzenco/gymzen360.com/node_modules/express/lib/response.js:232:10)
    at ServerResponse.json (/home/gymzenco/gymzen360.com/node_modules/express/lib/response.js:278:15)
    at ServerResponse.send (/home/gymzenco/gymzen360.com/node_modules/express/lib/response.js:162:21)
    at /home/gymzenco/gymzen360.com/app.js:17:9
    at Layer.handle [as handle_request] (/home/gymzenco/gymzen360.com/node_modules/express/lib/router/layer.js:95:5)
RangeError [ERR_HTTP_INVALID_STATUS_CODE]: Invalid status code: GYM  ON ke Runing
    at new NodeError (internal/errors.js:322:7)
    at ServerResponse.writeHead (_http_server.js:259:11)
    at ServerResponse._implicitHeader (_http_server.js:250:8)
    at write_ (_http_outgoing.js:711:9)
    at ServerResponse.end (_http_outgoing.js:825:5)
    at ServerResponse.send (/home/gymzenco/gymzen360.com/node_modules/express/lib/response.js:232:10)
    at ServerResponse.json (/home/gymzenco/gymzen360.com/node_modules/express/lib/response.js:278:15)
    at ServerResponse.send (/home/gymzenco/gymzen360.com/node_modules/express/lib/response.js:162:21)
    at /home/gymzenco/gymzen360.com/app.js:17:9
    at Layer.handle [as handle_request] (/home/gymzenco/gymzen360.com/node_modules/express/lib/router/layer.js:95:5)
RangeError [ERR_HTTP_INVALID_STATUS_CODE]: Invalid status code: GYM  ON ke Runing
    at new NodeError (internal/errors.js:322:7)
    at ServerResponse.writeHead (_http_server.js:259:11)
    at ServerResponse._implicitHeader (_http_server.js:250:8)
    at write_ (_http_outgoing.js:711:9)
    at ServerResponse.end (_http_outgoing.js:825:5)
    at ServerResponse.send (/home/gymzenco/gymzen360.com/node_modules/express/lib/response.js:232:10)
    at ServerResponse.json (/home/gymzenco/gymzen360.com/node_modules/express/lib/response.js:278:15)
    at ServerResponse.send (/home/gymzenco/gymzen360.com/node_modules/express/lib/response.js:162:21)
    at /home/gymzenco/gymzen360.com/app.js:17:9
    at Layer.handle [as handle_request] (/home/gymzenco/gymzen360.com/node_modules/express/lib/router/layer.js:95:5)
RangeError [ERR_HTTP_INVALID_STATUS_CODE]: Invalid status code: GYM  ON ke Runing
    at new NodeError (internal/errors.js:322:7)
    at ServerResponse.writeHead (_http_server.js:259:11)
    at ServerResponse._implicitHeader (_http_server.js:250:8)
    at write_ (_http_outgoing.js:711:9)
    at ServerResponse.end (_http_outgoing.js:825:5)
    at ServerResponse.send (/home/gymzenco/gymzen360.com/node_modules/express/lib/response.js:232:10)
    at ServerResponse.json (/home/gymzenco/gymzen360.com/node_modules/express/lib/response.js:278:15)
    at ServerResponse.send (/home/gymzenco/gymzen360.com/node_modules/express/lib/response.js:162:21)
    at /home/gymzenco/gymzen360.com/app.js:17:9
    at Layer.handle [as handle_request] (/home/gymzenco/gymzen360.com/node_modules/express/lib/router/layer.js:95:5)
RangeError [ERR_HTTP_INVALID_STATUS_CODE]: Invalid status code: GYM  ON ke Runing
    at new NodeError (internal/errors.js:322:7)
    at ServerResponse.writeHead (_http_server.js:259:11)
    at ServerResponse._implicitHeader (_http_server.js:250:8)
    at write_ (_http_outgoing.js:711:9)
    at ServerResponse.end (_http_outgoing.js:825:5)
    at ServerResponse.send (/home/gymzenco/gymzen360.com/node_modules/express/lib/response.js:232:10)
    at ServerResponse.json (/home/gymzenco/gymzen360.com/node_modules/express/lib/response.js:278:15)
    at ServerResponse.send (/home/gymzenco/gymzen360.com/node_modules/express/lib/response.js:162:21)
    at /home/gymzenco/gymzen360.com/app.js:17:9
    at Layer.handle [as handle_request] (/home/gymzenco/gymzen360.com/node_modules/express/lib/router/layer.js:95:5)
RangeError [ERR_HTTP_INVALID_STATUS_CODE]: Invalid status code: GYM  ON ke Runing
    at new NodeError (internal/errors.js:322:7)
    at ServerResponse.writeHead (_http_server.js:259:11)
    at ServerResponse._implicitHeader (_http_server.js:250:8)
    at write_ (_http_outgoing.js:711:9)
    at ServerResponse.end (_http_outgoing.js:825:5)
    at ServerResponse.send (/home/gymzenco/gymzen360.com/node_modules/express/lib/response.js:232:10)
    at ServerResponse.json (/home/gymzenco/gymzen360.com/node_modules/express/lib/response.js:278:15)
    at ServerResponse.send (/home/gymzenco/gymzen360.com/node_modules/express/lib/response.js:162:21)
    at /home/gymzenco/gymzen360.com/app.js:17:9
    at Layer.handle [as handle_request] (/home/gymzenco/gymzen360.com/node_modules/express/lib/router/layer.js:95:5)
RangeError [ERR_HTTP_INVALID_STATUS_CODE]: Invalid status code: GYM  ON ke Runing
    at new NodeError (internal/errors.js:322:7)
    at ServerResponse.writeHead (_http_server.js:259:11)
    at ServerResponse._implicitHeader (_http_server.js:250:8)
    at write_ (_http_outgoing.js:711:9)
    at ServerResponse.end (_http_outgoing.js:825:5)
    at ServerResponse.send (/home/gymzenco/gymzen360.com/node_modules/express/lib/response.js:232:10)
    at ServerResponse.json (/home/gymzenco/gymzen360.com/node_modules/express/lib/response.js:278:15)
    at ServerResponse.send (/home/gymzenco/gymzen360.com/node_modules/express/lib/response.js:162:21)
    at /home/gymzenco/gymzen360.com/app.js:17:9
    at Layer.handle [as handle_request] (/home/gymzenco/gymzen360.com/node_modules/express/lib/router/layer.js:95:5)
RangeError [ERR_HTTP_INVALID_STATUS_CODE]: Invalid status code: GYM  ON ke Runing
    at new NodeError (internal/errors.js:322:7)
    at ServerResponse.writeHead (_http_server.js:259:11)
    at ServerResponse._implicitHeader (_http_server.js:250:8)
    at write_ (_http_outgoing.js:711:9)
    at ServerResponse.end (_http_outgoing.js:825:5)
    at ServerResponse.send (/home/gymzenco/gymzen360.com/node_modules/express/lib/response.js:232:10)
    at ServerResponse.json (/home/gymzenco/gymzen360.com/node_modules/express/lib/response.js:278:15)
    at ServerResponse.send (/home/gymzenco/gymzen360.com/node_modules/express/lib/response.js:162:21)
    at /home/gymzenco/gymzen360.com/app.js:17:9
    at Layer.handle [as handle_request] (/home/gymzenco/gymzen360.com/node_modules/express/lib/router/layer.js:95:5)
RangeError [ERR_HTTP_INVALID_STATUS_CODE]: Invalid status code: GYM  ON ke Runing
    at new NodeError (internal/errors.js:322:7)
    at ServerResponse.writeHead (_http_server.js:259:11)
    at ServerResponse._implicitHeader (_http_server.js:250:8)
    at write_ (_http_outgoing.js:711:9)
    at ServerResponse.end (_http_outgoing.js:825:5)
    at ServerResponse.send (/home/gymzenco/gymzen360.com/node_modules/express/lib/response.js:232:10)
    at ServerResponse.json (/home/gymzenco/gymzen360.com/node_modules/express/lib/response.js:278:15)
    at ServerResponse.send (/home/gymzenco/gymzen360.com/node_modules/express/lib/response.js:162:21)
    at /home/gymzenco/gymzen360.com/app.js:17:9
    at Layer.handle [as handle_request] (/home/gymzenco/gymzen360.com/node_modules/express/lib/router/layer.js:95:5)
RangeError [ERR_HTTP_INVALID_STATUS_CODE]: Invalid status code: GYM  ON ke Runing
    at new NodeError (internal/errors.js:322:7)
    at ServerResponse.writeHead (_http_server.js:259:11)
    at ServerResponse._implicitHeader (_http_server.js:250:8)
    at write_ (_http_outgoing.js:711:9)
    at ServerResponse.end (_http_outgoing.js:825:5)
    at ServerResponse.send (/home/gymzenco/gymzen360.com/node_modules/express/lib/response.js:232:10)
    at ServerResponse.json (/home/gymzenco/gymzen360.com/node_modules/express/lib/response.js:278:15)
    at ServerResponse.send (/home/gymzenco/gymzen360.com/node_modules/express/lib/response.js:162:21)
    at /home/gymzenco/gymzen360.com/app.js:17:9
    at Layer.handle [as handle_request] (/home/gymzenco/gymzen360.com/node_modules/express/lib/router/layer.js:95:5)
RangeError [ERR_HTTP_INVALID_STATUS_CODE]: Invalid status code: GYM  ON ke Runing
    at new NodeError (internal/errors.js:322:7)
    at ServerResponse.writeHead (_http_server.js:259:11)
    at ServerResponse._implicitHeader (_http_server.js:250:8)
    at write_ (_http_outgoing.js:711:9)
    at ServerResponse.end (_http_outgoing.js:825:5)
    at ServerResponse.send (/home/gymzenco/gymzen360.com/node_modules/express/lib/response.js:232:10)
    at ServerResponse.json (/home/gymzenco/gymzen360.com/node_modules/express/lib/response.js:278:15)
    at ServerResponse.send (/home/gymzenco/gymzen360.com/node_modules/express/lib/response.js:162:21)
    at /home/gymzenco/gymzen360.com/app.js:17:9
    at Layer.handle [as handle_request] (/home/gymzenco/gymzen360.com/node_modules/express/lib/router/layer.js:95:5)
(sequelize) Warning: Model attributes (email) passed into finder method options of model User, but the options.where object is empty. Did you forget to use options.where?
(node:2757359) UnhandledPromiseRejectionWarning: SequelizeHostNotFoundError: getaddrinfo ENOTFOUND https://gymzen360.com/
    at ConnectionManager.connect (/home/gymzenco/gymzen360.com/node_modules/sequelize/lib/dialects/mysql/connection-manager.js:96:17)
    at processTicksAndRejections (internal/process/task_queues.js:95:5)
    at async ConnectionManager._connect (/home/gymzenco/gymzen360.com/node_modules/sequelize/lib/dialects/abstract/connection-manager.js:222:24)
    at async /home/gymzenco/gymzen360.com/node_modules/sequelize/lib/dialects/abstract/connection-manager.js:174:32
    at async ConnectionManager.getConnection (/home/gymzenco/gymzen360.com/node_modules/sequelize/lib/dialects/abstract/connection-manager.js:197:7)
    at async /home/gymzenco/gymzen360.com/node_modules/sequelize/lib/sequelize.js:305:26
    at async MySQLQueryInterface.select (/home/gymzenco/gymzen360.com/node_modules/sequelize/lib/dialects/abstract/query-interface.js:407:12)
    at async Function.findAll (/home/gymzenco/gymzen360.com/node_modules/sequelize/lib/model.js:1140:21)
    at async Function.findOne (/home/gymzenco/gymzen360.com/node_modules/sequelize/lib/model.js:1240:12)
    at async signIn (/home/gymzenco/gymzen360.com/controllers/auth.js:37:23)
(Use `node --trace-warnings ...` to show where the warning was created)
(node:2757359) UnhandledPromiseRejectionWarning: Unhandled promise rejection. This error originated either by throwing inside of an async function without a catch block, or by rejecting a promise which was not handled with .catch(). To terminate the node process on unhandled promise rejection, use the CLI flag `--unhandled-rejections=strict` (see https://nodejs.org/api/cli.html#cli_unhandled_rejections_mode). (rejection id: 1)
(node:2757359) [DEP0018] DeprecationWarning: Unhandled promise rejections are deprecated. In the future, promise rejections that are not handled will terminate the Node.js process with a non-zero exit code.
(sequelize) Warning: Model attributes (email) passed into finder method options of model User, but the options.where object is empty. Did you forget to use options.where?
(node:2973864) UnhandledPromiseRejectionWarning: SequelizeHostNotFoundError: getaddrinfo ENOTFOUND https://gymzen360.com/
    at ConnectionManager.connect (/home/gymzenco/gymzen360.com/node_modules/sequelize/lib/dialects/mysql/connection-manager.js:96:17)
    at processTicksAndRejections (internal/process/task_queues.js:95:5)
    at async ConnectionManager._connect (/home/gymzenco/gymzen360.com/node_modules/sequelize/lib/dialects/abstract/connection-manager.js:222:24)
    at async /home/gymzenco/gymzen360.com/node_modules/sequelize/lib/dialects/abstract/connection-manager.js:174:32
    at async ConnectionManager.getConnection (/home/gymzenco/gymzen360.com/node_modules/sequelize/lib/dialects/abstract/connection-manager.js:197:7)
    at async /home/gymzenco/gymzen360.com/node_modules/sequelize/lib/sequelize.js:305:26
    at async MySQLQueryInterface.select (/home/gymzenco/gymzen360.com/node_modules/sequelize/lib/dialects/abstract/query-interface.js:407:12)
    at async Function.findAll (/home/gymzenco/gymzen360.com/node_modules/sequelize/lib/model.js:1140:21)
    at async Function.findOne (/home/gymzenco/gymzen360.com/node_modules/sequelize/lib/model.js:1240:12)
    at async signIn (/home/gymzenco/gymzen360.com/controllers/auth.js:37:23)
(Use `node --trace-warnings ...` to show where the warning was created)
(node:2973864) UnhandledPromiseRejectionWarning: Unhandled promise rejection. This error originated either by throwing inside of an async function without a catch block, or by rejecting a promise which was not handled with .catch(). To terminate the node process on unhandled promise rejection, use the CLI flag `--unhandled-rejections=strict` (see https://nodejs.org/api/cli.html#cli_unhandled_rejections_mode). (rejection id: 1)
(node:2973864) [DEP0018] DeprecationWarning: Unhandled promise rejections are deprecated. In the future, promise rejections that are not handled will terminate the Node.js process with a non-zero exit code.
(sequelize) Warning: Model attributes (email) passed into finder method options of model User, but the options.where object is empty. Did you forget to use options.where?
(node:2973864) UnhandledPromiseRejectionWarning: SequelizeHostNotFoundError: getaddrinfo ENOTFOUND https://gymzen360.com/
    at ConnectionManager.connect (/home/gymzenco/gymzen360.com/node_modules/sequelize/lib/dialects/mysql/connection-manager.js:96:17)
    at processTicksAndRejections (internal/process/task_queues.js:95:5)
    at async ConnectionManager._connect (/home/gymzenco/gymzen360.com/node_modules/sequelize/lib/dialects/abstract/connection-manager.js:222:24)
    at async /home/gymzenco/gymzen360.com/node_modules/sequelize/lib/dialects/abstract/connection-manager.js:174:32
    at async ConnectionManager.getConnection (/home/gymzenco/gymzen360.com/node_modules/sequelize/lib/dialects/abstract/connection-manager.js:197:7)
    at async /home/gymzenco/gymzen360.com/node_modules/sequelize/lib/sequelize.js:305:26
    at async MySQLQueryInterface.select (/home/gymzenco/gymzen360.com/node_modules/sequelize/lib/dialects/abstract/query-interface.js:407:12)
    at async Function.findAll (/home/gymzenco/gymzen360.com/node_modules/sequelize/lib/model.js:1140:21)
    at async Function.findOne (/home/gymzenco/gymzen360.com/node_modules/sequelize/lib/model.js:1240:12)
    at async signIn (/home/gymzenco/gymzen360.com/controllers/auth.js:37:23)
(node:2973864) UnhandledPromiseRejectionWarning: Unhandled promise rejection. This error originated either by throwing inside of an async function without a catch block, or by rejecting a promise which was not handled with .catch(). To terminate the node process on unhandled promise rejection, use the CLI flag `--unhandled-rejections=strict` (see https://nodejs.org/api/cli.html#cli_unhandled_rejections_mode). (rejection id: 2)
